<?xml version="1.0" encoding="UTF-8"?>
<!-- Generated by org.testng.reporters.JUnitXMLReporter -->
<testsuite hostname="LAPTOP-UA8TQMPI" ignored="0" name="Test" tests="2" failures="1" timestamp="2022-01-31T00:32:07 EST" time="1.16" errors="0">
  <testcase name="loginTest" time="0.897" classname="com.tests.LoginTest"/>
  <testcase name="failTest" time="0.012" classname="com.tests.LoginTest">
    <failure type="java.lang.AssertionError" message="expected [JavaByKiran | Log in] but found [JavaByKiran | Dashboard]">
      <![CDATA[java.lang.AssertionError: expected [JavaByKiran | Log in] but found [JavaByKiran | Dashboard]
at com.tests.LoginTest.failTest(LoginTest.java:50)
at java.util.ArrayList.forEach(ArrayList.java:1249)
... Removed 33 stack frames]]>
    </failure>
  </testcase> <!-- failTest -->
</testsuite> <!-- Test -->
